# JRE version: OpenJDK Runtime Environment (7.0_65-b32) (build 1.7.0_65-b32)
# Java VM: OpenJDK 64-Bit Server VM (24.65-b04 mixed mode linux-amd64 compressed oops)
Heap
 PSYoungGen      total 209408K, used 1344K [0x00000000ecd00000, 0x00000000fa080000, 0x0000000100000000)
  eden space 202752K, 0% used [0x00000000ecd00000,0x00000000ecd00000,0x00000000f9300000)
  from space 6656K, 20% used [0x00000000f9300000,0x00000000f9450010,0x00000000f9980000)
  to   space 6144K, 0% used [0x00000000f9980000,0x00000000f9980000,0x00000000f9f80000)
 ParOldGen       total 38912K, used 13999K [0x00000000c6800000, 0x00000000c8e00000, 0x00000000ecd00000)
  object space 38912K, 35% used [0x00000000c6800000,0x00000000c75abc10,0x00000000c8e00000)
 PSPermGen       total 21504K, used 14134K [0x00000000bc200000, 0x00000000bd700000, 0x00000000c6800000)
  object space 21504K, 65% used [0x00000000bc200000,0x00000000bcfcd968,0x00000000bd700000)
GC Heap History (10 events):
Event: 10,943 GC heap after
Heap after GC invocations=6 (full 0):
 PSYoungGen      total 68608K, used 4018K [0x00000000ecd00000, 0x00000000f1600000, 0x0000000100000000)
  eden space 63488K, 0% used [0x00000000ecd00000,0x00000000ecd00000,0x00000000f0b00000)
  from space 5120K, 78% used [0x00000000f1100000,0x00000000f14ec830,0x00000000f1600000)
  to   space 5632K, 0% used [0x00000000f0b00000,0x00000000f0b00000,0x00000000f1080000)
 ParOldGen       total 38912K, used 10008K [0x00000000c6800000, 0x00000000c8e00000, 0x00000000ecd00000)
  object space 38912K, 25% used [0x00000000c6800000,0x00000000c71c6048,0x00000000c8e00000)
 PSPermGen       total 21504K, used 14113K [0x00000000bc200000, 0x00000000bd700000, 0x00000000c6800000)
  object space 21504K, 65% used [0x00000000bc200000,0x00000000bcfc8528,0x00000000bd700000)
}
Event: 11,359 GC heap before
{Heap before GC invocations=7 (full 0):
 PSYoungGen      total 68608K, used 67506K [0x00000000ecd00000, 0x00000000f1600000, 0x0000000100000000)
  eden space 63488K, 100% used [0x00000000ecd00000,0x00000000f0b00000,0x00000000f0b00000)
  from space 5120K, 78% used [0x00000000f1100000,0x00000000f14ec830,0x00000000f1600000)
  to   space 5632K, 0% used [0x00000000f0b00000,0x00000000f0b00000,0x00000000f1080000)
 ParOldGen       total 38912K, used 10008K [0x00000000c6800000, 0x00000000c8e00000, 0x00000000ecd00000)
  object space 38912K, 25% used [0x00000000c6800000,0x00000000c71c6048,0x00000000c8e00000)
 PSPermGen       total 21504K, used 14115K [0x00000000bc200000, 0x00000000bd700000, 0x00000000c6800000)
  object space 21504K, 65% used [0x00000000bc200000,0x00000000bcfc8c28,0x00000000bd700000)
Event: 11,367 GC heap after
Heap after GC invocations=7 (full 0):
 PSYoungGen      total 69120K, used 2880K [0x00000000ecd00000, 0x00000000f5400000, 0x0000000100000000)
  eden space 63488K, 0% used [0x00000000ecd00000,0x00000000ecd00000,0x00000000f0b00000)
  from space 5632K, 51% used [0x00000000f0b00000,0x00000000f0dd0020,0x00000000f1080000)
  to   space 5632K, 0% used [0x00000000f4e80000,0x00000000f4e80000,0x00000000f5400000)
 ParOldGen       total 38912K, used 11983K [0x00000000c6800000, 0x00000000c8e00000, 0x00000000ecd00000)
  object space 38912K, 30% used [0x00000000c6800000,0x00000000c73b3c00,0x00000000c8e00000)
 PSPermGen       total 21504K, used 14115K [0x00000000bc200000, 0x00000000bd700000, 0x00000000c6800000)
  object space 21504K, 65% used [0x00000000bc200000,0x00000000bcfc8c28,0x00000000bd700000)
}
Event: 11,773 GC heap before
{Heap before GC invocations=8 (full 0):
 PSYoungGen      total 69120K, used 66368K [0x00000000ecd00000, 0x00000000f5400000, 0x0000000100000000)
  eden space 63488K, 100% used [0x00000000ecd00000,0x00000000f0b00000,0x00000000f0b00000)
  from space 5632K, 51% used [0x00000000f0b00000,0x00000000f0dd0020,0x00000000f1080000)
  to   space 5632K, 0% used [0x00000000f4e80000,0x00000000f4e80000,0x00000000f5400000)
 ParOldGen       total 38912K, used 11983K [0x00000000c6800000, 0x00000000c8e00000, 0x00000000ecd00000)
  object space 38912K, 30% used [0x00000000c6800000,0x00000000c73b3c00,0x00000000c8e00000)
 PSPermGen       total 21504K, used 14115K [0x00000000bc200000, 0x00000000bd700000, 0x00000000c6800000)
  object space 21504K, 65% used [0x00000000bc200000,0x00000000bcfc8dc0,0x00000000bd700000)
Event: 11,779 GC heap after
Heap after GC invocations=8 (full 0):
 PSYoungGen      total 132608K, used 4224K [0x00000000ecd00000, 0x00000000f5400000, 0x0000000100000000)
  eden space 126976K, 0% used [0x00000000ecd00000,0x00000000ecd00000,0x00000000f4900000)
  from space 5632K, 75% used [0x00000000f4e80000,0x00000000f52a0020,0x00000000f5400000)
  to   space 5632K, 0% used [0x00000000f4900000,0x00000000f4900000,0x00000000f4e80000)
 ParOldGen       total 38912K, used 12071K [0x00000000c6800000, 0x00000000c8e00000, 0x00000000ecd00000)
  object space 38912K, 31% used [0x00000000c6800000,0x00000000c73c9c00,0x00000000c8e00000)
 PSPermGen       total 21504K, used 14115K [0x00000000bc200000, 0x00000000bd700000, 0x00000000c6800000)
  object space 21504K, 65% used [0x00000000bc200000,0x00000000bcfc8dc0,0x00000000bd700000)
}
Event: 12,633 GC heap before
{Heap before GC invocations=9 (full 0):
 PSYoungGen      total 132608K, used 131200K [0x00000000ecd00000, 0x00000000f5400000, 0x0000000100000000)
  eden space 126976K, 100% used [0x00000000ecd00000,0x00000000f4900000,0x00000000f4900000)
  from space 5632K, 75% used [0x00000000f4e80000,0x00000000f52a0020,0x00000000f5400000)
  to   space 5632K, 0% used [0x00000000f4900000,0x00000000f4900000,0x00000000f4e80000)
 ParOldGen       total 38912K, used 12071K [0x00000000c6800000, 0x00000000c8e00000, 0x00000000ecd00000)
  object space 38912K, 31% used [0x00000000c6800000,0x00000000c73c9c00,0x00000000c8e00000)
 PSPermGen       total 21504K, used 14123K [0x00000000bc200000, 0x00000000bd700000, 0x00000000c6800000)
  object space 21504K, 65% used [0x00000000bc200000,0x00000000bcfcafd0,0x00000000bd700000)
Event: 12,637 GC heap after
Heap after GC invocations=9 (full 0):
 PSYoungGen      total 132608K, used 192K [0x00000000ecd00000, 0x00000000f9f80000, 0x0000000100000000)
  eden space 126976K, 0% used [0x00000000ecd00000,0x00000000ecd00000,0x00000000f4900000)
  from space 5632K, 3% used [0x00000000f4900000,0x00000000f4930000,0x00000000f4e80000)
  to   space 6144K, 0% used [0x00000000f9980000,0x00000000f9980000,0x00000000f9f80000)
 ParOldGen       total 38912K, used 13959K [0x00000000c6800000, 0x00000000c8e00000, 0x00000000ecd00000)
  object space 38912K, 35% used [0x00000000c6800000,0x00000000c75a1c10,0x00000000c8e00000)
 PSPermGen       total 21504K, used 14123K [0x00000000bc200000, 0x00000000bd700000, 0x00000000c6800000)
  object space 21504K, 65% used [0x00000000bc200000,0x00000000bcfcafd0,0x00000000bd700000)
}
Event: 13,456 GC heap before
{Heap before GC invocations=10 (full 0):
 PSYoungGen      total 132608K, used 127168K [0x00000000ecd00000, 0x00000000f9f80000, 0x0000000100000000)
  eden space 126976K, 100% used [0x00000000ecd00000,0x00000000f4900000,0x00000000f4900000)
  from space 5632K, 3% used [0x00000000f4900000,0x00000000f4930000,0x00000000f4e80000)
  to   space 6144K, 0% used [0x00000000f9980000,0x00000000f9980000,0x00000000f9f80000)
 ParOldGen       total 38912K, used 13959K [0x00000000c6800000, 0x00000000c8e00000, 0x00000000ecd00000)
  object space 38912K, 35% used [0x00000000c6800000,0x00000000c75a1c10,0x00000000c8e00000)
 PSPermGen       total 21504K, used 14129K [0x00000000bc200000, 0x00000000bd700000, 0x00000000c6800000)
  object space 21504K, 65% used [0x00000000bc200000,0x00000000bcfcc5f0,0x00000000bd700000)
Event: 13,457 GC heap after
Heap after GC invocations=10 (full 0):
 PSYoungGen      total 208896K, used 544K [0x00000000ecd00000, 0x00000000fa080000, 0x0000000100000000)
  eden space 202752K, 0% used [0x00000000ecd00000,0x00000000ecd00000,0x00000000f9300000)
  from space 6144K, 8% used [0x00000000f9980000,0x00000000f9a08010,0x00000000f9f80000)
  to   space 6656K, 0% used [0x00000000f9300000,0x00000000f9300000,0x00000000f9980000)
 ParOldGen       total 38912K, used 13983K [0x00000000c6800000, 0x00000000c8e00000, 0x00000000ecd00000)
  object space 38912K, 35% used [0x00000000c6800000,0x00000000c75a7c10,0x00000000c8e00000)
 PSPermGen       total 21504K, used 14129K [0x00000000bc200000, 0x00000000bd700000, 0x00000000c6800000)
  object space 21504K, 65% used [0x00000000bc200000,0x00000000bcfcc5f0,0x00000000bd700000)
}
Event: 17,470 GC heap before
{Heap before GC invocations=11 (full 0):
 PSYoungGen      total 208896K, used 203296K [0x00000000ecd00000, 0x00000000fa080000, 0x0000000100000000)
  eden space 202752K, 100% used [0x00000000ecd00000,0x00000000f9300000,0x00000000f9300000)
  from space 6144K, 8% used [0x00000000f9980000,0x00000000f9a08010,0x00000000f9f80000)
  to   space 6656K, 0% used [0x00000000f9300000,0x00000000f9300000,0x00000000f9980000)
 ParOldGen       total 38912K, used 13983K [0x00000000c6800000, 0x00000000c8e00000, 0x00000000ecd00000)
  object space 38912K, 35% used [0x00000000c6800000,0x00000000c75a7c10,0x00000000c8e00000)
 PSPermGen       total 21504K, used 14134K [0x00000000bc200000, 0x00000000bd700000, 0x00000000c6800000)
  object space 21504K, 65% used [0x00000000bc200000,0x00000000bcfcd968,0x00000000bd700000)

